[debug] > Exec(early(addDefaultCommands), None, None)
[debug] > Exec(addDefaultCommands, None, None)
[debug] > Exec(early(initialize), None, None)
[debug] > Exec(initialize, None, None)
[debug] > Exec(early(addPluginSbtFile="""C:\Users\tbabk\AppData\Local\Temp\idea10.sbt"""), None, None)
[debug] > Exec(addPluginSbtFile="""C:\Users\tbabk\AppData\Local\Temp\idea10.sbt""", None, None)
[debug] > Exec(boot, None, None)
[debug] > Exec(writeSbtVersion, None, None)
[debug] > Exec(reload, None, None)
[debug] > Exec(sbtStashOnFailure, None, None)
[debug] > Exec(onFailure loadFailed, None, None)
[debug] > Exec(loadp, None, None)
[info] welcome to sbt 1.10.1 (Oracle Corporation Java 21.0.1)
[debug] Load.defaultLoad until apply took 171.4403ms
[debug]           Load.loadUnit: plugins took 130.6573ms
[debug]           Load.loadUnit: defsScala took 0.4275ms
[debug] [Loading] Scanning directory C:\Users\tbabk\OneDrive - České vysoké učení technické v Praze\Dokumenty\ascii\project
[debug]             Load.loadUnit: mkEval took 14.6625ms
[debug] [Loading] Found non-root projects 
[debug] [Loading] Done in C:\Users\tbabk\OneDrive - České vysoké učení technické v Praze\Dokumenty\ascii\project, returning: ()
[debug] deducing auto plugins based on known facts Set(Atom(sbt.plugins.CorePlugin)) and clauses Clauses(Clause(Atom(sbt.plugins.JvmPlugin),Set(Atom(sbt.plugins.IvyPlugin)))
[debug] Clause(Atom(sbt.ScriptedPlugin),Set(Atom(sbt.plugins.JvmPlugin)))
[debug] Clause(Atom(sbt.plugins.SbtPlugin),Set(Atom(sbt.ScriptedPlugin)))
[debug] Clause(Atom(sbt.plugins.SemanticdbPlugin),Set(Atom(sbt.plugins.JvmPlugin)))
[debug] Clause(Atom(sbt.plugins.JUnitXmlReportPlugin),Set(Atom(sbt.plugins.JvmPlugin)))
[debug] Clause(Atom(sbt.plugins.MiniDependencyTreePlugin),Set(Atom(sbt.plugins.JvmPlugin)))
[debug] Clause(Atom(sbt.plugins.CorePlugin),Set(Atom(sbt.plugins.IvyPlugin)))
[debug] Clause(Atom(sbt.plugins.IvyPlugin),Set(Atom(sbt.plugins.JvmPlugin)))
[debug] Clause(Atom(sbt.plugins.JvmPlugin),Set(Atom(sbt.plugins.SemanticdbPlugin)))
[debug] Clause(Atom(sbt.plugins.JvmPlugin),Set(Atom(sbt.plugins.JUnitXmlReportPlugin)))
[debug] Clause(Atom(sbt.plugins.CorePlugin),Set(Atom(sbt.plugins.Giter8TemplatePlugin)))
[debug] Clause(Atom(sbt.plugins.JvmPlugin),Set(Atom(sbt.plugins.MiniDependencyTreePlugin))))
[debug]   :: deduced result: Matched(sbt.plugins.CorePlugin,sbt.plugins.Giter8TemplatePlugin,sbt.plugins.IvyPlugin,sbt.plugins.JvmPlugin,sbt.plugins.MiniDependencyTreePlugin,sbt.plugins.JUnitXmlReportPlugin,sbt.plugins.SemanticdbPlugin)
[debug] Plugins.deducer#function took 18.6441 ms
[info] loading settings for project ascii-build from idea10.sbt ...
[debug]               Load.resolveProject(ascii-build) took 45.0482ms
[debug]             Load.loadTransitive: finalizeProject(Project(id ascii-build, base: C:\Users\tbabk\OneDrive - České vysoké učení technické v Praze\Dokumenty\ascii\project, plugins: List(<none>))) took 72.2766ms
[debug] [Loading] Done in C:\Users\tbabk\OneDrive - České vysoké učení technické v Praze\Dokumenty\ascii\project, returning: (ascii-build)
[debug]           Load.loadUnit: loadedProjectsRaw took 3890.7051ms
[debug]           Load.loadUnit: cleanEvalClasses took 13.9161ms
[debug]         Load.loadUnit(file:/C:/Users/tbabk/OneDrive%20-%20České%20vysoké%20učení%20technické%20v%20Praze/Dokumenty/ascii/project/, ...) took 4046.2004ms
[debug]       Load.apply: load took 4189.2819ms
[debug]       Load.apply: resolveProjects took 5.567ms
[debug]       Load.apply: finalTransforms took 100.2888ms
[debug]       Load.apply: config.delegates took 10.6815ms
[debug]       Load.apply: Def.make(settings)... took 555.4503ms
[debug]       Load.apply: structureIndex took 122.9852ms
[debug]       Load.apply: mkStreams took 2.6372ms
[info] loading project definition from C:\Users\tbabk\OneDrive - České vysoké učení technické v Praze\Dokumenty\ascii\project
[debug] Running task... Cancel: Signal, check cycles: false, forcegc: true
[debug]     Load.loadUnit: plugins took 7096.5034ms
[debug]     Load.loadUnit: defsScala took 0.0028ms
[debug] [Loading] Scanning directory C:\Users\tbabk\OneDrive - České vysoké učení technické v Praze\Dokumenty\ascii
[debug]       Load.loadUnit: mkEval took 0.3555ms
[debug] [Loading] Found root project root w/ remaining 
[debug] deducing auto plugins based on known facts Set(Atom(sbt.plugins.CorePlugin)) and clauses Clauses(Clause(Atom(sbt.plugins.JvmPlugin),Set(Atom(sbt.plugins.IvyPlugin)))
[debug] Clause(Atom(sbt.ScriptedPlugin),Set(Atom(sbt.plugins.JvmPlugin)))
[debug] Clause(Atom(sbt.plugins.SbtPlugin),Set(Atom(sbt.ScriptedPlugin)))
[debug] Clause(Atom(sbt.plugins.SemanticdbPlugin),Set(Atom(sbt.plugins.JvmPlugin)))
[debug] Clause(Atom(sbt.plugins.JUnitXmlReportPlugin),Set(Atom(sbt.plugins.JvmPlugin)))
[debug] Clause(Atom(sbt.plugins.MiniDependencyTreePlugin),Set(Atom(sbt.plugins.JvmPlugin)))
[debug] Clause(Atom(org.jetbrains.sbt.StructurePlugin),Set(Atom(sbt.plugins.JvmPlugin)))
[debug] Clause(Atom(org.jetbrains.sbt.IdeaShellPlugin),Set(Atom(sbt.plugins.JvmPlugin)))
[debug] Clause(Atom(sbt.plugins.CorePlugin),Set(Atom(sbt.plugins.IvyPlugin)))
[debug] Clause(Atom(sbt.plugins.IvyPlugin),Set(Atom(sbt.plugins.JvmPlugin)))
[debug] Clause(Atom(sbt.plugins.JvmPlugin),Set(Atom(sbt.plugins.SemanticdbPlugin)))
[debug] Clause(Atom(sbt.plugins.JvmPlugin),Set(Atom(sbt.plugins.JUnitXmlReportPlugin)))
[debug] Clause(Atom(sbt.plugins.CorePlugin),Set(Atom(sbt.plugins.Giter8TemplatePlugin)))
[debug] Clause(Atom(sbt.plugins.JvmPlugin),Set(Atom(sbt.plugins.MiniDependencyTreePlugin)))
[debug] Clause(Atom(sbt.plugins.JvmPlugin),Set(Atom(org.jetbrains.sbt.StructurePlugin)))
[debug] Clause(Atom(sbt.plugins.JvmPlugin),Set(Atom(org.jetbrains.sbt.IdeaShellPlugin))))
[debug]   :: deduced result: Matched(sbt.plugins.CorePlugin,sbt.plugins.Giter8TemplatePlugin,sbt.plugins.IvyPlugin,sbt.plugins.JvmPlugin,sbt.plugins.SemanticdbPlugin,sbt.plugins.JUnitXmlReportPlugin,org.jetbrains.sbt.IdeaShellPlugin,org.jetbrains.sbt.StructurePlugin,sbt.plugins.MiniDependencyTreePlugin)
[debug] Plugins.deducer#function took 3.7394 ms
[info] loading settings for project root from build.sbt ...
[debug]         Load.resolveProject(root) took 44.9191ms
[debug]       Load.loadTransitive: finalizeProject(Project(id root, base: C:\Users\tbabk\OneDrive - České vysoké učení technické v Praze\Dokumenty\ascii, plugins: List(<none>))) took 49.9502ms
[debug] [Loading] Done in C:\Users\tbabk\OneDrive - České vysoké učení technické v Praze\Dokumenty\ascii, returning: (root)
[debug]     Load.loadUnit: loadedProjectsRaw took 1488.2953ms
[debug]     Load.loadUnit: cleanEvalClasses took 25.059ms
[debug]   Load.loadUnit(file:/C:/Users/tbabk/OneDrive%20-%20České%20vysoké%20učení%20technické%20v%20Praze/Dokumenty/ascii/, ...) took 8613.8412ms
[debug] Load.apply: load took 8677.1656ms
[debug] Load.apply: resolveProjects took 0.3004ms
[debug] Load.apply: finalTransforms took 56.1701ms
[debug] Load.apply: config.delegates took 0.4044ms
[debug] Load.apply: Def.make(settings)... took 180.977ms
[debug] Load.apply: structureIndex took 29.8781ms
[debug] Load.apply: mkStreams took 0.0049ms
[info] set current project to ascii (in build file:/C:/Users/tbabk/OneDrive%20-%20České%20vysoké%20učení%20technické%20v%20Praze/Dokumenty/ascii/)
[debug] > Exec(sbtPopOnFailure, None, None)
[debug] > Exec(resumeFromFailure, None, None)
[debug] > Exec(notifyUsersAboutShell, None, None)
[debug] > Exec(iflast shell, None, None)
[debug] > Exec(idea-shell, None, None)
