[debug] > Exec(early(addDefaultCommands), None, None)
[debug] > Exec(addDefaultCommands, None, None)
[debug] > Exec(early(initialize), None, None)
[debug] > Exec(initialize, None, None)
[debug] > Exec(early(addPluginSbtFile="""C:\Users\tbabk\AppData\Local\Temp\idea8.sbt"""), None, None)
[debug] > Exec(addPluginSbtFile="""C:\Users\tbabk\AppData\Local\Temp\idea8.sbt""", None, None)
[debug] > Exec(boot, None, None)
[debug] > Exec(writeSbtVersion, None, None)
[debug] > Exec(reload, None, None)
[debug] > Exec(sbtStashOnFailure, None, None)
[debug] > Exec(onFailure loadFailed, None, None)
[debug] > Exec(loadp, None, None)
[info] welcome to sbt 1.10.1 (Oracle Corporation Java 21.0.1)
[debug] Load.defaultLoad until apply took 167.4847ms
[debug]           Load.loadUnit: plugins took 103.7785ms
[debug]           Load.loadUnit: defsScala took 0.5111ms
[debug] [Loading] Scanning directory C:\Users\tbabk\OneDrive - České vysoké učení technické v Praze\Dokumenty\ascii\project
[debug]             Load.loadUnit: mkEval took 11.2399ms
[debug] [Loading] Found non-root projects 
[debug] [Loading] Done in C:\Users\tbabk\OneDrive - České vysoké učení technické v Praze\Dokumenty\ascii\project, returning: ()
[debug] deducing auto plugins based on known facts Set(Atom(sbt.plugins.CorePlugin)) and clauses Clauses(Clause(Atom(sbt.plugins.JvmPlugin),Set(Atom(sbt.plugins.IvyPlugin)))
[debug] Clause(Atom(sbt.ScriptedPlugin),Set(Atom(sbt.plugins.JvmPlugin)))
[debug] Clause(Atom(sbt.plugins.SbtPlugin),Set(Atom(sbt.ScriptedPlugin)))
[debug] Clause(Atom(sbt.plugins.SemanticdbPlugin),Set(Atom(sbt.plugins.JvmPlugin)))
[debug] Clause(Atom(sbt.plugins.JUnitXmlReportPlugin),Set(Atom(sbt.plugins.JvmPlugin)))
[debug] Clause(Atom(sbt.plugins.MiniDependencyTreePlugin),Set(Atom(sbt.plugins.JvmPlugin)))
[debug] Clause(Atom(sbt.plugins.CorePlugin),Set(Atom(sbt.plugins.IvyPlugin)))
[debug] Clause(Atom(sbt.plugins.IvyPlugin),Set(Atom(sbt.plugins.JvmPlugin)))
[debug] Clause(Atom(sbt.plugins.JvmPlugin),Set(Atom(sbt.plugins.SemanticdbPlugin)))
[debug] Clause(Atom(sbt.plugins.JvmPlugin),Set(Atom(sbt.plugins.JUnitXmlReportPlugin)))
[debug] Clause(Atom(sbt.plugins.CorePlugin),Set(Atom(sbt.plugins.Giter8TemplatePlugin)))
[debug] Clause(Atom(sbt.plugins.JvmPlugin),Set(Atom(sbt.plugins.MiniDependencyTreePlugin))))
[debug]   :: deduced result: Matched(sbt.plugins.CorePlugin,sbt.plugins.Giter8TemplatePlugin,sbt.plugins.IvyPlugin,sbt.plugins.JvmPlugin,sbt.plugins.MiniDependencyTreePlugin,sbt.plugins.JUnitXmlReportPlugin,sbt.plugins.SemanticdbPlugin)
[debug] Plugins.deducer#function took 34.8437 ms
[info] loading settings for project ascii-build from idea8.sbt ...
[debug]               Load.resolveProject(ascii-build) took 73.7815ms
[debug]             Load.loadTransitive: finalizeProject(Project(id ascii-build, base: C:\Users\tbabk\OneDrive - České vysoké učení technické v Praze\Dokumenty\ascii\project, plugins: List(<none>))) took 139.3062ms
[debug] [Loading] Done in C:\Users\tbabk\OneDrive - České vysoké učení technické v Praze\Dokumenty\ascii\project, returning: (ascii-build)
[debug]           Load.loadUnit: loadedProjectsRaw took 792.0803ms
[debug]           Load.loadUnit: cleanEvalClasses took 17.2959ms
[debug]         Load.loadUnit(file:/C:/Users/tbabk/OneDrive%20-%20České%20vysoké%20učení%20technické%20v%20Praze/Dokumenty/ascii/project/, ...) took 925.8119ms
[debug]       Load.apply: load took 1131.4422ms
[debug]       Load.apply: resolveProjects took 11.4828ms
[debug]       Load.apply: finalTransforms took 144.378ms
[debug]       Load.apply: config.delegates took 12.5074ms
[debug]       Load.apply: Def.make(settings)... took 631.6503ms
[debug]       Load.apply: structureIndex took 132.3494ms
[debug]       Load.apply: mkStreams took 2.5691ms
[info] loading project definition from C:\Users\tbabk\OneDrive - České vysoké učení technické v Praze\Dokumenty\ascii\project
[debug] Running task... Cancel: Signal, check cycles: false, forcegc: true
[debug]     Load.loadUnit: plugins took 3390.5546ms
[debug]     Load.loadUnit: defsScala took 0.0058ms
[debug] [Loading] Scanning directory C:\Users\tbabk\OneDrive - České vysoké učení technické v Praze\Dokumenty\ascii
[debug]       Load.loadUnit: mkEval took 0.323ms
[debug] [Loading] Found root project root w/ remaining 
[debug] deducing auto plugins based on known facts Set(Atom(sbt.plugins.CorePlugin)) and clauses Clauses(Clause(Atom(sbt.plugins.JvmPlugin),Set(Atom(sbt.plugins.IvyPlugin)))
[debug] Clause(Atom(sbt.ScriptedPlugin),Set(Atom(sbt.plugins.JvmPlugin)))
[debug] Clause(Atom(sbt.plugins.SbtPlugin),Set(Atom(sbt.ScriptedPlugin)))
[debug] Clause(Atom(sbt.plugins.SemanticdbPlugin),Set(Atom(sbt.plugins.JvmPlugin)))
[debug] Clause(Atom(sbt.plugins.JUnitXmlReportPlugin),Set(Atom(sbt.plugins.JvmPlugin)))
[debug] Clause(Atom(sbt.plugins.MiniDependencyTreePlugin),Set(Atom(sbt.plugins.JvmPlugin)))
[debug] Clause(Atom(org.jetbrains.sbt.StructurePlugin),Set(Atom(sbt.plugins.JvmPlugin)))
[debug] Clause(Atom(org.jetbrains.sbt.IdeaShellPlugin),Set(Atom(sbt.plugins.JvmPlugin)))
[debug] Clause(Atom(sbt.plugins.CorePlugin),Set(Atom(sbt.plugins.IvyPlugin)))
[debug] Clause(Atom(sbt.plugins.IvyPlugin),Set(Atom(sbt.plugins.JvmPlugin)))
[debug] Clause(Atom(sbt.plugins.JvmPlugin),Set(Atom(sbt.plugins.SemanticdbPlugin)))
[debug] Clause(Atom(sbt.plugins.JvmPlugin),Set(Atom(sbt.plugins.JUnitXmlReportPlugin)))
[debug] Clause(Atom(sbt.plugins.CorePlugin),Set(Atom(sbt.plugins.Giter8TemplatePlugin)))
[debug] Clause(Atom(sbt.plugins.JvmPlugin),Set(Atom(sbt.plugins.MiniDependencyTreePlugin)))
[debug] Clause(Atom(sbt.plugins.JvmPlugin),Set(Atom(org.jetbrains.sbt.StructurePlugin)))
[debug] Clause(Atom(sbt.plugins.JvmPlugin),Set(Atom(org.jetbrains.sbt.IdeaShellPlugin))))
[debug]   :: deduced result: Matched(sbt.plugins.CorePlugin,sbt.plugins.Giter8TemplatePlugin,sbt.plugins.IvyPlugin,sbt.plugins.JvmPlugin,sbt.plugins.SemanticdbPlugin,sbt.plugins.JUnitXmlReportPlugin,org.jetbrains.sbt.IdeaShellPlugin,org.jetbrains.sbt.StructurePlugin,sbt.plugins.MiniDependencyTreePlugin)
[debug] Plugins.deducer#function took 3.297 ms
[info] loading settings for project root from build.sbt ...
[debug]         Load.resolveProject(root) took 39.5441ms
[debug]       Load.loadTransitive: finalizeProject(Project(id root, base: C:\Users\tbabk\OneDrive - České vysoké učení technické v Praze\Dokumenty\ascii, plugins: List(<none>))) took 44.4507ms
[debug] [Loading] Done in C:\Users\tbabk\OneDrive - České vysoké učení technické v Praze\Dokumenty\ascii, returning: (root)
[debug]     Load.loadUnit: loadedProjectsRaw took 120.5132ms
[debug]     Load.loadUnit: cleanEvalClasses took 10.9595ms
[debug]   Load.loadUnit(file:/C:/Users/tbabk/OneDrive%20-%20České%20vysoké%20učení%20technické%20v%20Praze/Dokumenty/ascii/, ...) took 3524.8292ms
[debug] Load.apply: load took 3572.1103ms
[debug] Load.apply: resolveProjects took 0.3372ms
[debug] Load.apply: finalTransforms took 82.0887ms
[debug] Load.apply: config.delegates took 0.5109ms
[debug] Load.apply: Def.make(settings)... took 179.9483ms
[debug] Load.apply: structureIndex took 36.3718ms
[debug] Load.apply: mkStreams took 0.0027ms
[info] set current project to ascii (in build file:/C:/Users/tbabk/OneDrive%20-%20České%20vysoké%20učení%20technické%20v%20Praze/Dokumenty/ascii/)
[debug] > Exec(sbtPopOnFailure, None, None)
[debug] > Exec(resumeFromFailure, None, None)
[debug] > Exec(notifyUsersAboutShell, None, None)
[debug] > Exec(iflast shell, None, None)
[debug] > Exec(idea-shell, None, None)
