[debug] > Exec(early(addDefaultCommands), None, None)
[debug] > Exec(addDefaultCommands, None, None)
[debug] > Exec(early(initialize), None, None)
[debug] > Exec(initialize, None, None)
[debug] > Exec(early(addPluginSbtFile="""C:\Users\tbabk\AppData\Local\Temp\idea6.sbt"""), None, None)
[debug] > Exec(addPluginSbtFile="""C:\Users\tbabk\AppData\Local\Temp\idea6.sbt""", None, None)
[debug] > Exec(boot, None, None)
[debug] > Exec(writeSbtVersion, None, None)
[debug] > Exec(reload, None, None)
[debug] > Exec(sbtStashOnFailure, None, None)
[debug] > Exec(onFailure loadFailed, None, None)
[debug] > Exec(loadp, None, None)
[info] welcome to sbt 1.10.1 (Oracle Corporation Java 21.0.1)
[debug] Load.defaultLoad until apply took 212.1832ms
[debug]           Load.loadUnit: plugins took 110.5441ms
[debug]           Load.loadUnit: defsScala took 0.3233ms
[debug] [Loading] Scanning directory C:\Users\tbabk\OneDrive - České vysoké učení technické v Praze\Dokumenty\ascii\project
[debug]             Load.loadUnit: mkEval took 9.1723ms
[debug] [Loading] Found non-root projects 
[debug] [Loading] Done in C:\Users\tbabk\OneDrive - České vysoké učení technické v Praze\Dokumenty\ascii\project, returning: ()
[debug] deducing auto plugins based on known facts Set(Atom(sbt.plugins.CorePlugin)) and clauses Clauses(Clause(Atom(sbt.plugins.JvmPlugin),Set(Atom(sbt.plugins.IvyPlugin)))
[debug] Clause(Atom(sbt.ScriptedPlugin),Set(Atom(sbt.plugins.JvmPlugin)))
[debug] Clause(Atom(sbt.plugins.SbtPlugin),Set(Atom(sbt.ScriptedPlugin)))
[debug] Clause(Atom(sbt.plugins.SemanticdbPlugin),Set(Atom(sbt.plugins.JvmPlugin)))
[debug] Clause(Atom(sbt.plugins.JUnitXmlReportPlugin),Set(Atom(sbt.plugins.JvmPlugin)))
[debug] Clause(Atom(sbt.plugins.MiniDependencyTreePlugin),Set(Atom(sbt.plugins.JvmPlugin)))
[debug] Clause(Atom(sbt.plugins.CorePlugin),Set(Atom(sbt.plugins.IvyPlugin)))
[debug] Clause(Atom(sbt.plugins.IvyPlugin),Set(Atom(sbt.plugins.JvmPlugin)))
[debug] Clause(Atom(sbt.plugins.JvmPlugin),Set(Atom(sbt.plugins.SemanticdbPlugin)))
[debug] Clause(Atom(sbt.plugins.JvmPlugin),Set(Atom(sbt.plugins.JUnitXmlReportPlugin)))
[debug] Clause(Atom(sbt.plugins.CorePlugin),Set(Atom(sbt.plugins.Giter8TemplatePlugin)))
[debug] Clause(Atom(sbt.plugins.JvmPlugin),Set(Atom(sbt.plugins.MiniDependencyTreePlugin))))
[debug]   :: deduced result: Matched(sbt.plugins.CorePlugin,sbt.plugins.Giter8TemplatePlugin,sbt.plugins.IvyPlugin,sbt.plugins.JvmPlugin,sbt.plugins.MiniDependencyTreePlugin,sbt.plugins.JUnitXmlReportPlugin,sbt.plugins.SemanticdbPlugin)
[debug] Plugins.deducer#function took 23.9941 ms
[info] loading settings for project ascii-build from idea6.sbt ...
[debug]               Load.resolveProject(ascii-build) took 86.3577ms
[debug]             Load.loadTransitive: finalizeProject(Project(id ascii-build, base: C:\Users\tbabk\OneDrive - České vysoké učení technické v Praze\Dokumenty\ascii\project, plugins: List(<none>))) took 130.0097ms
[debug] [Loading] Done in C:\Users\tbabk\OneDrive - České vysoké učení technické v Praze\Dokumenty\ascii\project, returning: (ascii-build)
[debug]           Load.loadUnit: loadedProjectsRaw took 594.4998ms
[debug]           Load.loadUnit: cleanEvalClasses took 24.4993ms
[debug]         Load.loadUnit(file:/C:/Users/tbabk/OneDrive%20-%20České%20vysoké%20učení%20technické%20v%20Praze/Dokumenty/ascii/project/, ...) took 741.3179ms
[debug]       Load.apply: load took 931.5415ms
[debug]       Load.apply: resolveProjects took 5.4119ms
[debug]       Load.apply: finalTransforms took 122.7678ms
[debug]       Load.apply: config.delegates took 10.3832ms
[debug]       Load.apply: Def.make(settings)... took 571.5255ms
[debug]       Load.apply: structureIndex took 113.3591ms
[debug]       Load.apply: mkStreams took 1.4037ms
[info] loading project definition from C:\Users\tbabk\OneDrive - České vysoké učení technické v Praze\Dokumenty\ascii\project
[debug] Running task... Cancel: Signal, check cycles: false, forcegc: true
[debug]     Load.loadUnit: plugins took 2920.8077ms
[debug]     Load.loadUnit: defsScala took 0.0038ms
[debug] [Loading] Scanning directory C:\Users\tbabk\OneDrive - České vysoké učení technické v Praze\Dokumenty\ascii
[debug]       Load.loadUnit: mkEval took 0.6213ms
[debug] [Loading] Found root project root w/ remaining 
[debug] deducing auto plugins based on known facts Set(Atom(sbt.plugins.CorePlugin)) and clauses Clauses(Clause(Atom(sbt.plugins.JvmPlugin),Set(Atom(sbt.plugins.IvyPlugin)))
[debug] Clause(Atom(sbt.ScriptedPlugin),Set(Atom(sbt.plugins.JvmPlugin)))
[debug] Clause(Atom(sbt.plugins.SbtPlugin),Set(Atom(sbt.ScriptedPlugin)))
[debug] Clause(Atom(sbt.plugins.SemanticdbPlugin),Set(Atom(sbt.plugins.JvmPlugin)))
[debug] Clause(Atom(sbt.plugins.JUnitXmlReportPlugin),Set(Atom(sbt.plugins.JvmPlugin)))
[debug] Clause(Atom(sbt.plugins.MiniDependencyTreePlugin),Set(Atom(sbt.plugins.JvmPlugin)))
[debug] Clause(Atom(org.jetbrains.sbt.StructurePlugin),Set(Atom(sbt.plugins.JvmPlugin)))
[debug] Clause(Atom(org.jetbrains.sbt.IdeaShellPlugin),Set(Atom(sbt.plugins.JvmPlugin)))
[debug] Clause(Atom(sbt.plugins.CorePlugin),Set(Atom(sbt.plugins.IvyPlugin)))
[debug] Clause(Atom(sbt.plugins.IvyPlugin),Set(Atom(sbt.plugins.JvmPlugin)))
[debug] Clause(Atom(sbt.plugins.JvmPlugin),Set(Atom(sbt.plugins.SemanticdbPlugin)))
[debug] Clause(Atom(sbt.plugins.JvmPlugin),Set(Atom(sbt.plugins.JUnitXmlReportPlugin)))
[debug] Clause(Atom(sbt.plugins.CorePlugin),Set(Atom(sbt.plugins.Giter8TemplatePlugin)))
[debug] Clause(Atom(sbt.plugins.JvmPlugin),Set(Atom(sbt.plugins.MiniDependencyTreePlugin)))
[debug] Clause(Atom(sbt.plugins.JvmPlugin),Set(Atom(org.jetbrains.sbt.StructurePlugin)))
[debug] Clause(Atom(sbt.plugins.JvmPlugin),Set(Atom(org.jetbrains.sbt.IdeaShellPlugin))))
[debug]   :: deduced result: Matched(sbt.plugins.CorePlugin,sbt.plugins.Giter8TemplatePlugin,sbt.plugins.IvyPlugin,sbt.plugins.JvmPlugin,sbt.plugins.SemanticdbPlugin,sbt.plugins.JUnitXmlReportPlugin,org.jetbrains.sbt.IdeaShellPlugin,org.jetbrains.sbt.StructurePlugin,sbt.plugins.MiniDependencyTreePlugin)
[debug] Plugins.deducer#function took 3.6609 ms
[info] loading settings for project root from build.sbt ...
[debug]         Load.resolveProject(root) took 51.4549ms
[debug]       Load.loadTransitive: finalizeProject(Project(id root, base: C:\Users\tbabk\OneDrive - České vysoké učení technické v Praze\Dokumenty\ascii, plugins: List(<none>))) took 56.8988ms
[debug] [Loading] Done in C:\Users\tbabk\OneDrive - České vysoké učení technické v Praze\Dokumenty\ascii, returning: (root)
[debug]     Load.loadUnit: loadedProjectsRaw took 135.9141ms
[debug]     Load.loadUnit: cleanEvalClasses took 16.4763ms
[debug]   Load.loadUnit(file:/C:/Users/tbabk/OneDrive%20-%20České%20vysoké%20učení%20technické%20v%20Praze/Dokumenty/ascii/, ...) took 3076.4601ms
[debug] Load.apply: load took 3128.1303ms
[debug] Load.apply: resolveProjects took 0.2846ms
[debug] Load.apply: finalTransforms took 68.6835ms
[debug] Load.apply: config.delegates took 0.6683ms
[debug] Load.apply: Def.make(settings)... took 150.2207ms
[debug] Load.apply: structureIndex took 34.6566ms
[debug] Load.apply: mkStreams took 0.0039ms
[info] set current project to ascii (in build file:/C:/Users/tbabk/OneDrive%20-%20České%20vysoké%20učení%20technické%20v%20Praze/Dokumenty/ascii/)
[debug] > Exec(sbtPopOnFailure, None, None)
[debug] > Exec(resumeFromFailure, None, None)
[debug] > Exec(notifyUsersAboutShell, None, None)
[debug] > Exec(iflast shell, None, None)
[debug] > Exec(idea-shell, None, None)
